--------------------------------------------------------------------------------
Release 14.7 Trace  (nt64)
Copyright (c) 1995-2013 Xilinx, Inc.  All rights reserved.

D:\ise\14.7\ISE_DS\ISE\bin\nt64\unwrapped\trce.exe -intstyle ise -v 3 -s 2L -n
3 -fastpaths -xml erjinzhijiafajishuqi.twx erjinzhijiafajishuqi.ncd -o
erjinzhijiafajishuqi.twr erjinzhijiafajishuqi.pcf -ucf erjinzhijiafajishuqi.ucf

Design file:              erjinzhijiafajishuqi.ncd
Physical constraint file: erjinzhijiafajishuqi.pcf
Device,package,speed:     xc7a100t,fgg484,C,-2L (PRODUCTION 1.10 2013-10-13)
Report level:             verbose report

Environment Variable      Effect 
--------------------      ------ 
NONE                      No environment variables were set
--------------------------------------------------------------------------------

INFO:Timing:2698 - No timing constraints found, doing default enumeration.
INFO:Timing:3412 - To improve timing, see the Timing Closure User Guide (UG612).
INFO:Timing:2752 - To get complete path coverage, use the unconstrained paths 
   option. All paths that are not constrained will be reported in the 
   unconstrained paths section(s) of the report.
INFO:Timing:3339 - The clock-to-out numbers in this timing report are based on 
   a 50 Ohm transmission line loading model.  For the details of this model, 
   and for more information on accounting for different loading conditions, 
   please see the device datasheet.



Data Sheet report:
-----------------
All values displayed in nanoseconds (ns)

Setup/Hold to clock clk
------------+------------+------------+------------+------------+------------------+--------+
            |Max Setup to|  Process   |Max Hold to |  Process   |                  | Clock  |
Source      | clk (edge) |   Corner   | clk (edge) |   Corner   |Internal Clock(s) | Phase  |
------------+------------+------------+------------+------------+------------------+--------+
d<0>        |   -0.122(R)|      FAST  |    2.151(R)|      SLOW  |clk_BUFGP         |   0.000|
d<1>        |   -0.222(R)|      FAST  |    2.288(R)|      SLOW  |clk_BUFGP         |   0.000|
d<2>        |    0.068(R)|      FAST  |    1.908(R)|      SLOW  |clk_BUFGP         |   0.000|
d<3>        |   -0.115(R)|      FAST  |    2.158(R)|      SLOW  |clk_BUFGP         |   0.000|
en          |    0.301(R)|      FAST  |    1.633(R)|      SLOW  |clk_BUFGP         |   0.000|
load        |   -0.013(R)|      FAST  |    2.395(R)|      SLOW  |clk_BUFGP         |   0.000|
mr          |   -0.196(R)|      FAST  |    2.141(R)|      SLOW  |clk_BUFGP         |   0.000|
------------+------------+------------+------------+------------+------------------+--------+

Clock clk to Pad
------------+-----------------+------------+-----------------+------------+------------------+--------+
            |Max (slowest) clk|  Process   |Min (fastest) clk|  Process   |                  | Clock  |
Destination |  (edge) to PAD  |   Corner   |  (edge) to PAD  |   Corner   |Internal Clock(s) | Phase  |
------------+-----------------+------------+-----------------+------------+------------------+--------+
co          |         9.077(R)|      SLOW  |         3.483(R)|      FAST  |clk_BUFGP         |   0.000|
q<0>        |         8.686(R)|      SLOW  |         3.325(R)|      FAST  |clk_BUFGP         |   0.000|
q<1>        |         8.940(R)|      SLOW  |         3.452(R)|      FAST  |clk_BUFGP         |   0.000|
q<2>        |         8.587(R)|      SLOW  |         3.284(R)|      FAST  |clk_BUFGP         |   0.000|
q<3>        |         8.760(R)|      SLOW  |         3.363(R)|      FAST  |clk_BUFGP         |   0.000|
------------+-----------------+------------+-----------------+------------+------------------+--------+

Clock to Setup on destination clock clk
---------------+---------+---------+---------+---------+
               | Src:Rise| Src:Fall| Src:Rise| Src:Fall|
Source Clock   |Dest:Rise|Dest:Rise|Dest:Fall|Dest:Fall|
---------------+---------+---------+---------+---------+
clk            |    1.450|         |         |         |
---------------+---------+---------+---------+---------+


Analysis completed Wed Dec 22 14:38:20 2021 
--------------------------------------------------------------------------------

Trace Settings:
-------------------------
Trace Settings 

Peak Memory Usage: 4949 MB



